[12/Oct/2025 17:10:28] "GET / HTTP/1.1" 302 0
[12/Oct/2025 17:10:29] "GET /split-number/ HTTP/1.1" 200 1726
[12/Oct/2025 17:10:29] "GET /static/styles.css HTTP/1.1" 200 5494
[12/Oct/2025 17:10:29] "GET /static/images/jjvc-building.jpg HTTP/1.1" 404 1886
Not Found: /favicon.ico
[12/Oct/2025 17:10:29] "GET /favicon.ico HTTP/1.1" 404 4055
[12/Oct/2025 17:10:45] "POST /split-number/ HTTP/1.1" 302 0
[12/Oct/2025 17:10:45] "GET /next/ HTTP/1.1" 302 0
[12/Oct/2025 17:10:45] "GET /split-no/ HTTP/1.1" 200 3319
[12/Oct/2025 17:10:45] "GET /static/images/jjvc-building.jpg HTTP/1.1" 404 1886
[12/Oct/2025 17:43:28] "GET / HTTP/1.1" 302 0
[12/Oct/2025 17:43:35] "GET /?id=2673917d-5812-4c56-82d0-ac5f500cb83a&vscodeBrowserReqId=1760291015906 HTTP/1.1" 302 0
[12/Oct/2025 17:43:35] "GET /split-number/ HTTP/1.1" 200 1726
[12/Oct/2025 17:43:39] "GET / HTTP/1.1" 302 0
[12/Oct/2025 17:43:39] "GET /split-number/ HTTP/1.1" 200 1726
[12/Oct/2025 17:43:42] "GET /static/styles.css HTTP/1.1" 200 5797759
[12/Oct/2025 17:44:13] "POST /split-number/ HTTP/1.1" 302 0
[12/Oct/2025 17:44:13] "GET /next/ HTTP/1.1" 302 0
[12/Oct/2025 17:44:13] "GET /split-yes/ HTTP/1.1" 200 3012
[12/Oct/2025 17:44:13] "GET /static/styles.css HTTP/1.1" 304 0
[12/Oct/2025 17:45:11] "GET / HTTP/1.1" 302 0
[12/Oct/2025 17:45:11] "GET /split-number/ HTTP/1.1" 200 1726
[12/Oct/2025 17:45:11] "GET /static/styles.css HTTP/1.1" 304 0
[12/Oct/2025 17:45:20] "POST /split-number/ HTTP/1.1" 302 0
[12/Oct/2025 17:45:20] "GET /next/ HTTP/1.1" 302 0
[12/Oct/2025 17:45:20] "GET /split-no/ HTTP/1.1" 200 3319
[12/Oct/2025 17:45:49] "GET / HTTP/1.1" 302 0
[12/Oct/2025 17:45:49] "GET /split-number/ HTTP/1.1" 200 1726
[12/Oct/2025 17:45:49] "GET /static/styles.css HTTP/1.1" 304 0
[12/Oct/2025 17:48:55] "GET /split-number/ HTTP/1.1" 200 1726
[12/Oct/2025 17:48:55] "GET /static/styles.css HTTP/1.1" 200 5797763
[12/Oct/2025 17:48:57] "GET /split-number/ HTTP/1.1" 200 1726
[12/Oct/2025 17:48:57] "GET /static/styles.css HTTP/1.1" 304 0
[12/Oct/2025 17:48:59] "GET /split-number/ HTTP/1.1" 200 1726
[12/Oct/2025 17:48:59] "GET /static/styles.css HTTP/1.1" 304 0
[12/Oct/2025 18:04:36] "GET /split-number/ HTTP/1.1" 200 1726
[12/Oct/2025 18:04:36] "GET /static/styles.css HTTP/1.1" 304 0
[12/Oct/2025 18:04:38] "GET /split-number/ HTTP/1.1" 200 1726
[12/Oct/2025 18:04:40] "GET /split-number/ HTTP/1.1" 200 1726
[12/Oct/2025 18:04:40] "GET /split-number/ HTTP/1.1" 200 1726
<<<<<<< HEAD
Not Found: /apple-touch-icon.png
Not Found: /apple-touch-icon-precomposed.png
Not Found: /favicon.ico
[12/Oct/2025 18:15:25] "GET /apple-touch-icon.png HTTP/1.1" 404 4082
[12/Oct/2025 18:15:25] "GET /apple-touch-icon-precomposed.png HTTP/1.1" 404 4118
[12/Oct/2025 18:15:25] "GET /favicon.ico HTTP/1.1" 404 4055
[12/Oct/2025 18:15:44] "GET /split-number/ HTTP/1.1" 200 1726
[12/Oct/2025 18:15:44] "GET /static/styles.css HTTP/1.1" 200 5797763
Not Found: /favicon.ico
[12/Oct/2025 18:15:45] "GET /favicon.ico HTTP/1.1" 404 4055
[12/Oct/2025 18:24:32] "GET /split-number/ HTTP/1.1" 200 1726
[12/Oct/2025 18:24:33] "GET /static/styles.css HTTP/1.1" 304 0
[12/Oct/2025 18:24:34] "GET /split-number/ HTTP/1.1" 200 1726
Not Found: /apple-touch-icon.png
Not Found: /apple-touch-icon-precomposed.png
Not Found: /favicon.ico
[12/Oct/2025 18:24:50] "GET /apple-touch-icon-precomposed.png HTTP/1.1" 404 4118
[12/Oct/2025 18:24:50] "GET /apple-touch-icon.png HTTP/1.1" 404 4082
[12/Oct/2025 18:24:50] "GET /favicon.ico HTTP/1.1" 404 4055
[12/Oct/2025 18:25:02] "POST /split-number/ HTTP/1.1" 302 0
[12/Oct/2025 18:25:02] "GET /next/ HTTP/1.1" 302 0
[12/Oct/2025 18:25:02] "GET /split-no/ HTTP/1.1" 200 3319
[12/Oct/2025 18:26:25] "POST /split-no/ HTTP/1.1" 200 3700
[12/Oct/2025 18:26:43] "POST /split-no/ HTTP/1.1" 200 3691
[12/Oct/2025 18:27:02] "POST /split-no/ HTTP/1.1" 200 3701
[12/Oct/2025 18:27:21] "POST /split-no/ HTTP/1.1" 200 1105
[12/Oct/2025 18:27:38] "GET /split-no/ HTTP/1.1" 200 3319
[12/Oct/2025 18:27:41] "GET / HTTP/1.1" 302 0
[12/Oct/2025 18:27:41] "GET /split-number/ HTTP/1.1" 200 1726
[12/Oct/2025 19:41:38] "GET /split-number/ HTTP/1.1" 200 1726
[12/Oct/2025 19:41:38] "GET /static/styles.css HTTP/1.1" 304 0
[12/Oct/2025 19:42:05] "GET /split-number/ HTTP/1.1" 200 1726
[12/Oct/2025 19:54:27] "GET /split-number/ HTTP/1.1" 200 1726
[12/Oct/2025 19:54:28] "GET /static/styles.css HTTP/1.1" 304 0
[12/Oct/2025 19:55:39] "POST /split-number/ HTTP/1.1" 302 0
[12/Oct/2025 19:55:39] "GET /next/ HTTP/1.1" 302 0
[12/Oct/2025 19:55:39] "GET /split-yes/ HTTP/1.1" 200 3012
[12/Oct/2025 19:56:49] "POST /split-yes/ HTTP/1.1" 200 3562
[12/Oct/2025 19:57:04] "GET / HTTP/1.1" 302 0
[12/Oct/2025 19:57:04] "GET /split-number/ HTTP/1.1" 200 1726
[12/Oct/2025 20:12:24] "GET /split-number/ HTTP/1.1" 200 1726
[12/Oct/2025 20:12:25] "GET /static/styles.css HTTP/1.1" 304 0
[12/Oct/2025 20:25:54] "GET /split-number/ HTTP/1.1" 200 1726
=======
>>>>>>> b79b6fa (UI finalized, building image inlined, mobile compatibility, logic views refactored)
